This file contains any messages produced by compilers while
running configure, to aid debugging if configure makes a mistake.

It was created by epicon configure 5.2, which was
generated by GNU Autoconf 2.69.  Invocation command line was

  $ ./configure 

## --------- ##
## Platform. ##
## --------- ##

hostname = dell
uname -m = x86_64
uname -r = 5.11.0-40-generic
uname -s = Linux
uname -v = #44~20.04.2-Ubuntu SMP Tue Oct 26 18:07:44 UTC 2021

/usr/bin/uname -p = x86_64
/bin/uname -X     = unknown

/bin/arch              = x86_64
/usr/bin/arch -k       = unknown
/usr/convex/getsysinfo = unknown
/usr/bin/hostinfo      = unknown
/bin/machine           = unknown
/usr/bin/oslevel       = unknown
/bin/universe          = unknown

PATH: /usr/local/sbin
PATH: /usr/local/bin
PATH: /usr/sbin
PATH: /usr/bin
PATH: /sbin
PATH: /bin
PATH: /usr/games
PATH: /usr/local/games
PATH: /snap/bin


## ----------- ##
## Core tests. ##
## ----------- ##

configure:2244: checking for a BSD-compatible install
configure:2312: result: /usr/bin/install -c
configure:2323: checking whether build environment is sane
configure:2373: result: yes
configure:2514: checking for a thread-safe mkdir -p
configure:2553: result: /usr/bin/mkdir -p
configure:2566: checking for gawk
configure:2596: result: no
configure:2566: checking for mawk
configure:2582: found /usr/bin/mawk
configure:2593: result: mawk
configure:2604: checking whether make sets $(MAKE)
configure:2626: result: yes
configure:2755: checking for gcc
configure:2771: found /usr/bin/gcc
configure:2782: result: gcc
configure:3011: checking for C compiler version
configure:3020: gcc --version >&5
gcc (Ubuntu 9.3.0-17ubuntu1~20.04) 9.3.0
Copyright (C) 2019 Free Software Foundation, Inc.
This is free software; see the source for copying conditions.  There is NO
warranty; not even for MERCHANTABILITY or FITNESS FOR A PARTICULAR PURPOSE.

configure:3031: $? = 0
configure:3020: gcc -v >&5
Using built-in specs.
COLLECT_GCC=gcc
COLLECT_LTO_WRAPPER=/usr/lib/gcc/x86_64-linux-gnu/9/lto-wrapper
OFFLOAD_TARGET_NAMES=nvptx-none:hsa
OFFLOAD_TARGET_DEFAULT=1
Target: x86_64-linux-gnu
Configured with: ../src/configure -v --with-pkgversion='Ubuntu 9.3.0-17ubuntu1~20.04' --with-bugurl=file:///usr/share/doc/gcc-9/README.Bugs --enable-languages=c,ada,c++,go,brig,d,fortran,objc,obj-c++,gm2 --prefix=/usr --with-gcc-major-version-only --program-suffix=-9 --program-prefix=x86_64-linux-gnu- --enable-shared --enable-linker-build-id --libexecdir=/usr/lib --without-included-gettext --enable-threads=posix --libdir=/usr/lib --enable-nls --enable-clocale=gnu --enable-libstdcxx-debug --enable-libstdcxx-time=yes --with-default-libstdcxx-abi=new --enable-gnu-unique-object --disable-vtable-verify --enable-plugin --enable-default-pie --with-system-zlib --with-target-system-zlib=auto --enable-objc-gc=auto --enable-multiarch --disable-werror --with-arch-32=i686 --with-abi=m64 --with-multilib-list=m32,m64,mx32 --enable-multilib --with-tune=generic --enable-offload-targets=nvptx-none=/build/gcc-9-HskZEa/gcc-9-9.3.0/debian/tmp-nvptx/usr,hsa --without-cuda-driver --enable-checking=release --build=x86_64-linux-gnu --host=x86_64-linux-gnu --target=x86_64-linux-gnu
Thread model: posix
gcc version 9.3.0 (Ubuntu 9.3.0-17ubuntu1~20.04) 
configure:3031: $? = 0
configure:3020: gcc -V >&5
gcc: error: unrecognized command line option '-V'
gcc: fatal error: no input files
compilation terminated.
configure:3031: $? = 1
configure:3020: gcc -qversion >&5
gcc: error: unrecognized command line option '-qversion'; did you mean '--version'?
gcc: fatal error: no input files
compilation terminated.
configure:3031: $? = 1
configure:3051: checking whether the C compiler works
configure:3073: gcc    conftest.c  >&5
configure:3077: $? = 0
configure:3125: result: yes
configure:3128: checking for C compiler default output file name
configure:3130: result: a.out
configure:3136: checking for suffix of executables
configure:3143: gcc -o conftest    conftest.c  >&5
configure:3147: $? = 0
configure:3169: result: 
configure:3191: checking whether we are cross compiling
configure:3199: gcc -o conftest    conftest.c  >&5
configure:3203: $? = 0
configure:3210: ./conftest
configure:3214: $? = 0
configure:3202: result: no
configure:3207: checking for suffix of object files
configure:3229: gcc -c   conftest.c >&5
configure:3233: $? = 0
configure:3254: result: o
configure:3258: checking whether we are using the GNU C compiler
configure:3277: gcc -c   conftest.c >&5
configure:3277: $? = 0
configure:3286: result: yes
configure:3295: checking whether gcc accepts -g
configure:3315: gcc -c -g  conftest.c >&5
configure:3315: $? = 0
configure:3356: result: yes
configure:3373: checking for gcc option to accept ISO C89
configure:3436: gcc  -c -g -O2  conftest.c >&5
configure:3436: $? = 0
configure:3449: result: none needed
configure:3480: checking for style of include used by make
configure:3508: result: GNU
configure:3534: checking dependency style of gcc
configure:3645: result: gcc3
configure:3671: checking how to run the C preprocessor
configure:3702: gcc -E  conftest.c
configure:3702: $? = 0
configure:3716: gcc -E  conftest.c
conftest.c:11:10: fatal error: ac_nonexistent.h: No such file or directory
   11 | #include <ac_nonexistent.h>
      |          ^~~~~~~~~~~~~~~~~~
compilation terminated.
configure:3716: $? = 1
configure: failed program was:
| /* confdefs.h */
| #define PACKAGE_NAME "epicon"
| #define PACKAGE_TARNAME "epicon"
| #define PACKAGE_VERSION "5.2"
| #define PACKAGE_STRING "epicon 5.2"
| #define PACKAGE_BUGREPORT "pepolinux@users.osdn.me"
| #define PACKAGE_URL ""
| #define PACKAGE "epicon"
| #define VERSION "5.2"
| /* end confdefs.h.  */
| #include <ac_nonexistent.h>
configure:3741: result: gcc -E
configure:3761: gcc -E  conftest.c
configure:3761: $? = 0
configure:3775: gcc -E  conftest.c
conftest.c:11:10: fatal error: ac_nonexistent.h: No such file or directory
   11 | #include <ac_nonexistent.h>
      |          ^~~~~~~~~~~~~~~~~~
compilation terminated.
configure:3775: $? = 1
configure: failed program was:
| /* confdefs.h */
| #define PACKAGE_NAME "epicon"
| #define PACKAGE_TARNAME "epicon"
| #define PACKAGE_VERSION "5.2"
| #define PACKAGE_STRING "epicon 5.2"
| #define PACKAGE_BUGREPORT "pepolinux@users.osdn.me"
| #define PACKAGE_URL ""
| #define PACKAGE "epicon"
| #define VERSION "5.2"
| /* end confdefs.h.  */
| #include <ac_nonexistent.h>
configure:3804: checking for grep that handles long lines and -e
configure:3862: result: /usr/bin/grep
configure:3867: checking for egrep
configure:3929: result: /usr/bin/grep -E
configure:3934: checking for ANSI C header files
configure:3954: gcc -c -g -O2  conftest.c >&5
configure:3954: $? = 0
configure:4027: gcc -o conftest -g -O2   conftest.c  >&5
configure:4027: $? = 0
configure:4027: ./conftest
configure:4027: $? = 0
configure:4038: result: yes
configure:4051: checking for sys/types.h
configure:4051: gcc -c -g -O2  conftest.c >&5
configure:4051: $? = 0
configure:4051: result: yes
configure:4051: checking for sys/stat.h
configure:4051: gcc -c -g -O2  conftest.c >&5
configure:4051: $? = 0
configure:4051: result: yes
configure:4051: checking for stdlib.h
configure:4051: gcc -c -g -O2  conftest.c >&5
configure:4051: $? = 0
configure:4051: result: yes
configure:4051: checking for string.h
configure:4051: gcc -c -g -O2  conftest.c >&5
configure:4051: $? = 0
configure:4051: result: yes
configure:4051: checking for memory.h
configure:4051: gcc -c -g -O2  conftest.c >&5
configure:4051: $? = 0
configure:4051: result: yes
configure:4051: checking for strings.h
configure:4051: gcc -c -g -O2  conftest.c >&5
configure:4051: $? = 0
configure:4051: result: yes
configure:4051: checking for inttypes.h
configure:4051: gcc -c -g -O2  conftest.c >&5
configure:4051: $? = 0
configure:4051: result: yes
configure:4051: checking for stdint.h
configure:4051: gcc -c -g -O2  conftest.c >&5
configure:4051: $? = 0
configure:4051: result: yes
configure:4051: checking for unistd.h
configure:4051: gcc -c -g -O2  conftest.c >&5
configure:4051: $? = 0
configure:4051: result: yes
configure:4066: checking fcntl.h usability
configure:4066: gcc -c -g -O2  conftest.c >&5
configure:4066: $? = 0
configure:4066: result: yes
configure:4066: checking fcntl.h presence
configure:4066: gcc -E  conftest.c
configure:4066: $? = 0
configure:4066: result: yes
configure:4066: checking for fcntl.h
configure:4066: result: yes
configure:4066: checking netinet/in.h usability
configure:4066: gcc -c -g -O2  conftest.c >&5
configure:4066: $? = 0
configure:4066: result: yes
configure:4066: checking netinet/in.h presence
configure:4066: gcc -E  conftest.c
configure:4066: $? = 0
configure:4066: result: yes
configure:4066: checking for netinet/in.h
configure:4066: result: yes
configure:4066: checking for stdlib.h
configure:4066: result: yes
configure:4066: checking for string.h
configure:4066: result: yes
configure:4066: checking sys/ioctl.h usability
configure:4066: gcc -c -g -O2  conftest.c >&5
configure:4066: $? = 0
configure:4066: result: yes
configure:4066: checking sys/ioctl.h presence
configure:4066: gcc -E  conftest.c
configure:4066: $? = 0
configure:4066: result: yes
configure:4066: checking for sys/ioctl.h
configure:4066: result: yes
configure:4066: checking sys/socket.h usability
configure:4066: gcc -c -g -O2  conftest.c >&5
configure:4066: $? = 0
configure:4066: result: yes
configure:4066: checking sys/socket.h presence
configure:4066: gcc -E  conftest.c
configure:4066: $? = 0
configure:4066: result: yes
configure:4066: checking for sys/socket.h
configure:4066: result: yes
configure:4066: checking sys/time.h usability
configure:4066: gcc -c -g -O2  conftest.c >&5
configure:4066: $? = 0
configure:4066: result: yes
configure:4066: checking sys/time.h presence
configure:4066: gcc -E  conftest.c
configure:4066: $? = 0
configure:4066: result: yes
configure:4066: checking for sys/time.h
configure:4066: result: yes
configure:4066: checking termios.h usability
configure:4066: gcc -c -g -O2  conftest.c >&5
configure:4066: $? = 0
configure:4066: result: yes
configure:4066: checking termios.h presence
configure:4066: gcc -E  conftest.c
configure:4066: $? = 0
configure:4066: result: yes
configure:4066: checking for termios.h
configure:4066: result: yes
configure:4066: checking for unistd.h
configure:4066: result: yes
configure:4078: checking for pid_t
configure:4078: gcc -c -g -O2  conftest.c >&5
configure:4078: $? = 0
configure:4078: gcc -c -g -O2  conftest.c >&5
conftest.c: In function 'main':
conftest.c:66:20: error: expected expression before ')' token
   66 | if (sizeof ((pid_t)))
      |                    ^
configure:4078: $? = 1
configure: failed program was:
| /* confdefs.h */
| #define PACKAGE_NAME "epicon"
| #define PACKAGE_TARNAME "epicon"
| #define PACKAGE_VERSION "5.2"
| #define PACKAGE_STRING "epicon 5.2"
| #define PACKAGE_BUGREPORT "pepolinux@users.osdn.me"
| #define PACKAGE_URL ""
| #define PACKAGE "epicon"
| #define VERSION "5.2"
| #define STDC_HEADERS 1
| #define HAVE_SYS_TYPES_H 1
| #define HAVE_SYS_STAT_H 1
| #define HAVE_STDLIB_H 1
| #define HAVE_STRING_H 1
| #define HAVE_MEMORY_H 1
| #define HAVE_STRINGS_H 1
| #define HAVE_INTTYPES_H 1
| #define HAVE_STDINT_H 1
| #define HAVE_UNISTD_H 1
| #define HAVE_FCNTL_H 1
| #define HAVE_NETINET_IN_H 1
| #define HAVE_STDLIB_H 1
| #define HAVE_STRING_H 1
| #define HAVE_SYS_IOCTL_H 1
| #define HAVE_SYS_SOCKET_H 1
| #define HAVE_SYS_TIME_H 1
| #define HAVE_TERMIOS_H 1
| #define HAVE_UNISTD_H 1
| /* end confdefs.h.  */
| #include <stdio.h>
| #ifdef HAVE_SYS_TYPES_H
| # include <sys/types.h>
| #endif
| #ifdef HAVE_SYS_STAT_H
| # include <sys/stat.h>
| #endif
| #ifdef STDC_HEADERS
| # include <stdlib.h>
| # include <stddef.h>
| #else
| # ifdef HAVE_STDLIB_H
| #  include <stdlib.h>
| # endif
| #endif
| #ifdef HAVE_STRING_H
| # if !defined STDC_HEADERS && defined HAVE_MEMORY_H
| #  include <memory.h>
| # endif
| # include <string.h>
| #endif
| #ifdef HAVE_STRINGS_H
| # include <strings.h>
| #endif
| #ifdef HAVE_INTTYPES_H
| # include <inttypes.h>
| #endif
| #ifdef HAVE_STDINT_H
| # include <stdint.h>
| #endif
| #ifdef HAVE_UNISTD_H
| # include <unistd.h>
| #endif
| int
| main ()
| {
| if (sizeof ((pid_t)))
| 	    return 0;
|   ;
|   return 0;
| }
configure:4078: result: yes
configure:4093: checking vfork.h usability
configure:4093: gcc -c -g -O2  conftest.c >&5
conftest.c:63:10: fatal error: vfork.h: No such file or directory
   63 | #include <vfork.h>
      |          ^~~~~~~~~
compilation terminated.
configure:4093: $? = 1
configure: failed program was:
| /* confdefs.h */
| #define PACKAGE_NAME "epicon"
| #define PACKAGE_TARNAME "epicon"
| #define PACKAGE_VERSION "5.2"
| #define PACKAGE_STRING "epicon 5.2"
| #define PACKAGE_BUGREPORT "pepolinux@users.osdn.me"
| #define PACKAGE_URL ""
| #define PACKAGE "epicon"
| #define VERSION "5.2"
| #define STDC_HEADERS 1
| #define HAVE_SYS_TYPES_H 1
| #define HAVE_SYS_STAT_H 1
| #define HAVE_STDLIB_H 1
| #define HAVE_STRING_H 1
| #define HAVE_MEMORY_H 1
| #define HAVE_STRINGS_H 1
| #define HAVE_INTTYPES_H 1
| #define HAVE_STDINT_H 1
| #define HAVE_UNISTD_H 1
| #define HAVE_FCNTL_H 1
| #define HAVE_NETINET_IN_H 1
| #define HAVE_STDLIB_H 1
| #define HAVE_STRING_H 1
| #define HAVE_SYS_IOCTL_H 1
| #define HAVE_SYS_SOCKET_H 1
| #define HAVE_SYS_TIME_H 1
| #define HAVE_TERMIOS_H 1
| #define HAVE_UNISTD_H 1
| /* end confdefs.h.  */
| #include <stdio.h>
| #ifdef HAVE_SYS_TYPES_H
| # include <sys/types.h>
| #endif
| #ifdef HAVE_SYS_STAT_H
| # include <sys/stat.h>
| #endif
| #ifdef STDC_HEADERS
| # include <stdlib.h>
| # include <stddef.h>
| #else
| # ifdef HAVE_STDLIB_H
| #  include <stdlib.h>
| # endif
| #endif
| #ifdef HAVE_STRING_H
| # if !defined STDC_HEADERS && defined HAVE_MEMORY_H
| #  include <memory.h>
| # endif
| # include <string.h>
| #endif
| #ifdef HAVE_STRINGS_H
| # include <strings.h>
| #endif
| #ifdef HAVE_INTTYPES_H
| # include <inttypes.h>
| #endif
| #ifdef HAVE_STDINT_H
| # include <stdint.h>
| #endif
| #ifdef HAVE_UNISTD_H
| # include <unistd.h>
| #endif
| #include <vfork.h>
configure:4093: result: no
configure:4093: checking vfork.h presence
configure:4093: gcc -E  conftest.c
conftest.c:30:10: fatal error: vfork.h: No such file or directory
   30 | #include <vfork.h>
      |          ^~~~~~~~~
compilation terminated.
configure:4093: $? = 1
configure: failed program was:
| /* confdefs.h */
| #define PACKAGE_NAME "epicon"
| #define PACKAGE_TARNAME "epicon"
| #define PACKAGE_VERSION "5.2"
| #define PACKAGE_STRING "epicon 5.2"
| #define PACKAGE_BUGREPORT "pepolinux@users.osdn.me"
| #define PACKAGE_URL ""
| #define PACKAGE "epicon"
| #define VERSION "5.2"
| #define STDC_HEADERS 1
| #define HAVE_SYS_TYPES_H 1
| #define HAVE_SYS_STAT_H 1
| #define HAVE_STDLIB_H 1
| #define HAVE_STRING_H 1
| #define HAVE_MEMORY_H 1
| #define HAVE_STRINGS_H 1
| #define HAVE_INTTYPES_H 1
| #define HAVE_STDINT_H 1
| #define HAVE_UNISTD_H 1
| #define HAVE_FCNTL_H 1
| #define HAVE_NETINET_IN_H 1
| #define HAVE_STDLIB_H 1
| #define HAVE_STRING_H 1
| #define HAVE_SYS_IOCTL_H 1
| #define HAVE_SYS_SOCKET_H 1
| #define HAVE_SYS_TIME_H 1
| #define HAVE_TERMIOS_H 1
| #define HAVE_UNISTD_H 1
| /* end confdefs.h.  */
| #include <vfork.h>
configure:4093: result: no
configure:4093: checking for vfork.h
configure:4093: result: no
configure:4106: checking for fork
configure:4106: gcc -o conftest -g -O2   conftest.c  >&5
conftest.c:53:6: warning: conflicting types for built-in function 'fork'; expected 'int(void)' [-Wbuiltin-declaration-mismatch]
   53 | char fork ();
      |      ^~~~
configure:4106: $? = 0
configure:4106: result: yes
configure:4106: checking for vfork
configure:4106: gcc -o conftest -g -O2   conftest.c  >&5
configure:4106: $? = 0
configure:4106: result: yes
configure:4116: checking for working fork
configure:4138: gcc -o conftest -g -O2   conftest.c  >&5
configure:4138: $? = 0
configure:4138: ./conftest
configure:4138: $? = 0
configure:4148: result: yes
configure:4169: checking for working vfork
configure:4279: result: yes
configure:4306: checking for stdlib.h
configure:4306: result: yes
configure:4316: checking for GNU libc compatible malloc
configure:4340: gcc -o conftest -g -O2   conftest.c  >&5
configure:4340: $? = 0
configure:4340: ./conftest
configure:4340: $? = 0
configure:4350: result: yes
configure:4374: checking for alarm
configure:4374: gcc -o conftest -g -O2   conftest.c  >&5
configure:4374: $? = 0
configure:4374: result: yes
configure:4374: checking for dup2
configure:4374: gcc -o conftest -g -O2   conftest.c  >&5
configure:4374: $? = 0
configure:4374: result: yes
configure:4374: checking for memset
configure:4374: gcc -o conftest -g -O2   conftest.c  >&5
conftest.c:61:6: warning: conflicting types for built-in function 'memset'; expected 'void *(void *, int,  long unsigned int)' [-Wbuiltin-declaration-mismatch]
   61 | char memset ();
      |      ^~~~~~
conftest.c:49:1: note: 'memset' is declared in header '<string.h>'
   48 | # include <limits.h>
   49 | #else
configure:4374: $? = 0
configure:4374: result: yes
configure:4374: checking for select
configure:4374: gcc -o conftest -g -O2   conftest.c  >&5
configure:4374: $? = 0
configure:4374: result: yes
configure:4374: checking for socket
configure:4374: gcc -o conftest -g -O2   conftest.c  >&5
configure:4374: $? = 0
configure:4374: result: yes
configure:4374: checking for strrchr
configure:4374: gcc -o conftest -g -O2   conftest.c  >&5
conftest.c:64:6: warning: conflicting types for built-in function 'strrchr'; expected 'char *(const char *, int)' [-Wbuiltin-declaration-mismatch]
   64 | char strrchr ();
      |      ^~~~~~~
conftest.c:52:1: note: 'strrchr' is declared in header '<string.h>'
   51 | # include <limits.h>
   52 | #else
configure:4374: $? = 0
configure:4374: result: yes
configure:4508: creating ./config.status

## ---------------------- ##
## Running config.status. ##
## ---------------------- ##

This file was extended by epicon config.status 5.2, which was
generated by GNU Autoconf 2.69.  Invocation command line was

  CONFIG_FILES    = 
  CONFIG_HEADERS  = 
  CONFIG_LINKS    = 
  CONFIG_COMMANDS = 
  $ ./config.status 

on dell

config.status:866: creating Makefile
config.status:866: creating config.h
config.status:1047: config.h is unchanged
config.status:1095: executing depfiles commands

## ---------------- ##
## Cache variables. ##
## ---------------- ##

ac_cv_c_compiler_gnu=yes
ac_cv_env_CC_set=
ac_cv_env_CC_value=
ac_cv_env_CFLAGS_set=
ac_cv_env_CFLAGS_value=
ac_cv_env_CPPFLAGS_set=
ac_cv_env_CPPFLAGS_value=
ac_cv_env_CPP_set=
ac_cv_env_CPP_value=
ac_cv_env_LDFLAGS_set=
ac_cv_env_LDFLAGS_value=
ac_cv_env_LIBS_set=
ac_cv_env_LIBS_value=
ac_cv_env_build_alias_set=
ac_cv_env_build_alias_value=
ac_cv_env_host_alias_set=
ac_cv_env_host_alias_value=
ac_cv_env_target_alias_set=
ac_cv_env_target_alias_value=
ac_cv_func_alarm=yes
ac_cv_func_dup2=yes
ac_cv_func_fork=yes
ac_cv_func_fork_works=yes
ac_cv_func_malloc_0_nonnull=yes
ac_cv_func_memset=yes
ac_cv_func_select=yes
ac_cv_func_socket=yes
ac_cv_func_strrchr=yes
ac_cv_func_vfork=yes
ac_cv_func_vfork_works=yes
ac_cv_header_fcntl_h=yes
ac_cv_header_inttypes_h=yes
ac_cv_header_memory_h=yes
ac_cv_header_netinet_in_h=yes
ac_cv_header_stdc=yes
ac_cv_header_stdint_h=yes
ac_cv_header_stdlib_h=yes
ac_cv_header_string_h=yes
ac_cv_header_strings_h=yes
ac_cv_header_sys_ioctl_h=yes
ac_cv_header_sys_socket_h=yes
ac_cv_header_sys_stat_h=yes
ac_cv_header_sys_time_h=yes
ac_cv_header_sys_types_h=yes
ac_cv_header_termios_h=yes
ac_cv_header_unistd_h=yes
ac_cv_header_vfork_h=no
ac_cv_objext=o
ac_cv_path_EGREP='/usr/bin/grep -E'
ac_cv_path_GREP=/usr/bin/grep
ac_cv_path_install='/usr/bin/install -c'
ac_cv_path_mkdir=/usr/bin/mkdir
ac_cv_prog_AWK=mawk
ac_cv_prog_CPP='gcc -E'
ac_cv_prog_ac_ct_CC=gcc
ac_cv_prog_cc_c89=
ac_cv_prog_cc_g=yes
ac_cv_prog_make_make_set=yes
ac_cv_type_pid_t=yes
am_cv_CC_dependencies_compiler_type=gcc3

## ----------------- ##
## Output variables. ##
## ----------------- ##

ACLOCAL='${SHELL} /opt/Docker/src/epicon/missing --run aclocal-1.11'
AMDEPBACKSLASH='\'
AMDEP_FALSE='#'
AMDEP_TRUE=''
AMTAR='$${TAR-tar}'
AUTOCONF='${SHELL} /opt/Docker/src/epicon/missing --run autoconf'
AUTOHEADER='${SHELL} /opt/Docker/src/epicon/missing --run autoheader'
AUTOMAKE='${SHELL} /opt/Docker/src/epicon/missing --run automake-1.11'
AWK='mawk'
CC='gcc'
CCDEPMODE='depmode=gcc3'
CFLAGS='-g -O2'
CPP='gcc -E'
CPPFLAGS=''
CYGPATH_W='echo'
DEFS='-DHAVE_CONFIG_H'
DEPDIR='.deps'
ECHO_C=''
ECHO_N='-n'
ECHO_T=''
EGREP='/usr/bin/grep -E'
EXEEXT=''
GREP='/usr/bin/grep'
INSTALL_DATA='${INSTALL} -m 644'
INSTALL_PROGRAM='${INSTALL}'
INSTALL_SCRIPT='${INSTALL}'
INSTALL_STRIP_PROGRAM='$(install_sh) -c -s'
LDFLAGS=''
LIBOBJS=''
LIBS=''
LTLIBOBJS=''
MAKEINFO='${SHELL} /opt/Docker/src/epicon/missing --run makeinfo'
MKDIR_P='/usr/bin/mkdir -p'
OBJEXT='o'
PACKAGE='epicon'
PACKAGE_BUGREPORT='pepolinux@users.osdn.me'
PACKAGE_NAME='epicon'
PACKAGE_STRING='epicon 5.2'
PACKAGE_TARNAME='epicon'
PACKAGE_URL=''
PACKAGE_VERSION='5.2'
PATH_SEPARATOR=':'
SET_MAKE=''
SHELL='/bin/bash'
STRIP=''
VERSION='5.2'
ac_ct_CC='gcc'
am__EXEEXT_FALSE=''
am__EXEEXT_TRUE='#'
am__fastdepCC_FALSE='#'
am__fastdepCC_TRUE=''
am__include='include'
am__isrc=''
am__leading_dot='.'
am__nodep='_no'
am__quote=''
am__tar='$${TAR-tar} chof - "$$tardir"'
am__untar='$${TAR-tar} xf -'
bindir='${exec_prefix}/bin'
build_alias=''
datadir='${datarootdir}'
datarootdir='${prefix}/share'
docdir='${datarootdir}/doc/${PACKAGE_TARNAME}'
dvidir='${docdir}'
exec_prefix='${prefix}'
host_alias=''
htmldir='${docdir}'
includedir='${prefix}/include'
infodir='${datarootdir}/info'
install_sh='${SHELL} /opt/Docker/src/epicon/install-sh'
libdir='${exec_prefix}/lib'
libexecdir='${exec_prefix}/libexec'
localedir='${datarootdir}/locale'
localstatedir='${prefix}/var'
mandir='${datarootdir}/man'
mkdir_p='/usr/bin/mkdir -p'
oldincludedir='/usr/include'
pdfdir='${docdir}'
prefix='/usr/local'
program_transform_name='s,x,x,'
psdir='${docdir}'
runstatedir='${localstatedir}/run'
sbindir='${exec_prefix}/sbin'
sharedstatedir='${prefix}/com'
sysconfdir='${prefix}/etc'
target_alias=''

## ----------- ##
## confdefs.h. ##
## ----------- ##

/* confdefs.h */
#define PACKAGE_NAME "epicon"
#define PACKAGE_TARNAME "epicon"
#define PACKAGE_VERSION "5.2"
#define PACKAGE_STRING "epicon 5.2"
#define PACKAGE_BUGREPORT "pepolinux@users.osdn.me"
#define PACKAGE_URL ""
#define PACKAGE "epicon"
#define VERSION "5.2"
#define STDC_HEADERS 1
#define HAVE_SYS_TYPES_H 1
#define HAVE_SYS_STAT_H 1
#define HAVE_STDLIB_H 1
#define HAVE_STRING_H 1
#define HAVE_MEMORY_H 1
#define HAVE_STRINGS_H 1
#define HAVE_INTTYPES_H 1
#define HAVE_STDINT_H 1
#define HAVE_UNISTD_H 1
#define HAVE_FCNTL_H 1
#define HAVE_NETINET_IN_H 1
#define HAVE_STDLIB_H 1
#define HAVE_STRING_H 1
#define HAVE_SYS_IOCTL_H 1
#define HAVE_SYS_SOCKET_H 1
#define HAVE_SYS_TIME_H 1
#define HAVE_TERMIOS_H 1
#define HAVE_UNISTD_H 1
#define HAVE_FORK 1
#define HAVE_VFORK 1
#define HAVE_WORKING_VFORK 1
#define HAVE_WORKING_FORK 1
#define HAVE_STDLIB_H 1
#define HAVE_MALLOC 1
#define HAVE_ALARM 1
#define HAVE_DUP2 1
#define HAVE_MEMSET 1
#define HAVE_SELECT 1
#define HAVE_SOCKET 1
#define HAVE_STRRCHR 1

configure: exit 0
